<?xml version="1.0" encoding="UTF-8"?>
<testsuite xmlns:xsi="http://www.w3.org/2001/XMLSchema-instance" xsi:noNamespaceSchemaLocation="https://maven.apache.org/surefire/maven-surefire-plugin/xsd/surefire-test-report-3.0.xsd" version="3.0" name="TestSuite" time="22.027" tests="1" errors="0" skipped="0" failures="0">
  <properties>
[...]
</properties>
  <testcase name="runScenario[&quot;To check the login functionality&quot;, &quot;Unknown&quot;](1)" classname="TestRunner.DemoNG" time="20.647">
    <system-out><![CDATA[
Scenario: To check the login functionality                                                         # src/test/resources/Feature/sample3.feature:2
Before Scenario
Before each Step of the Scenario
  Given User openes the browser                                                                    # StepDefnition.Sample1.user_openes_the_browser()
After each Step of the Scenario
Before each Step of the Scenario
Browser - geturlorg.openqa.selenium.TimeoutException: Expected condition failed: waiting for title to be "OrangeHrm". Current title: "OrangeHRM" (tried for 10 second(s) with 500 milliseconds interval)
Build info: version: '4.29.0', revision: '5fc1ec94cb'
System info: os.name: 'Windows 11', os.arch: 'amd64', os.version: '10.0', java.version: '21.0.2'
Driver info: org.openqa.selenium.chrome.ChromeDriver
Capabilities {acceptInsecureCerts: false, browserName: chrome, browserVersion: 134.0.6998.35, chrome: {chromedriverVersion: 134.0.6998.88 (7e3d5c978c6d..., userDataDir: C:\Users\SAIKAT~1\AppData\L...}, fedcm:accounts: true, goog:chromeOptions: {debuggerAddress: localhost:50140}, networkConnectionEnabled: false, pageLoadStrategy: normal, platformName: windows, proxy: Proxy(), se:cdp: ws://localhost:50140/devtoo..., se:cdpVersion: 134.0.6998.35, setWindowRect: true, strictFileInteractability: false, timeouts: {implicit: 0, pageLoad: 300000, script: 30000}, unhandledPromptBehavior: dismiss and notify, webauthn:extension:credBlob: true, webauthn:extension:largeBlob: true, webauthn:extension:minPinLength: true, webauthn:extension:prf: true, webauthn:virtualAuthenticators: true}
Session ID: 1de601b5bd80edd02682c3b52cce68cd
  And navigate to the "https://opensource-demo.orangehrmlive.com/web/index.php/auth/login" webpage # StepDefnition.Sample1.navigate_to_the_webpage(java.lang.String)
After each Step of the Scenario
Before each Step of the Scenario
2025-03-11T04:38:36.788689100Z main ERROR Log4j API could not find a logging provider.
Admin
admin123
  When user enters the Login credentials                                                           # StepDefnition.Sample3.user_enters_the_login_credentials(io.cucumber.datatable.DataTable)
    | Testdata123.xlsx |
After each Step of the Scenario
Before each Step of the Scenario
  And user clicks on login button                                                                  # StepDefnition.Sample2.user_clicks_on_login_button()
After each Step of the Scenario
Before each Step of the Scenario
  Then user verifies the username                                                                  # StepDefnition.Sample2.user_verifies_the_username()
After each Step of the Scenario
Before each Step of the Scenario
  And user close the browser                                                                       # StepDefnition.Sample1.user_close_the_browser()
After each Step of the Scenario
After Scenario
]]></system-out>
    <system-err><![CDATA[SLF4J: Failed to load class "org.slf4j.impl.StaticLoggerBinder".
SLF4J: Defaulting to no-operation (NOP) logger implementation
SLF4J: See http://www.slf4j.org/codes.html#StaticLoggerBinder for further details.
Mar 11, 2025 10:08:22 AM org.openqa.selenium.devtools.CdpVersionFinder findNearestMatch
WARNING: Unable to find an exact match for CDP version 134, returning the closest version; found: 133; Please update to a Selenium version that supports CDP version 134
]]></system-err>
  </testcase>
</testsuite>